<?xml version="1.0" encoding="UTF-8"?>
<testsuite name="com.github.tuberrabbit.GuessNumberTest" tests="1" skipped="0" failures="0" errors="0" timestamp="2015-03-14T16:59:21" hostname="CNbtu.local" time="0.002">
  <properties/>
  <testcase name="should_return_4A0B_when_all_number_are_correct" classname="com.github.tuberrabbit.GuessNumberTest" time="0.002"/>
  <system-out><![CDATA[]]></system-out>
  <system-err><![CDATA[]]></system-err>
</testsuite>
